#
# There is insufficient memory for the Java Runtime Environment to continue.
# Native memory allocation (mmap) failed to map 65536 bytes for Failed to commit metaspace.
# Possible reasons:
#   The system is out of physical RAM or swap space
#   The process is running with CompressedOops enabled, and the Java Heap may be blocking the growth of the native heap
# Possible solutions:
#   Reduce memory load on the system
#   Increase physical memory or swap space
#   Check if swap backing store is full
#   Decrease Java heap size (-Xmx/-Xms)
#   Decrease number of Java threads
#   Decrease Java thread stack sizes (-Xss)
#   Set larger code cache with -XX:ReservedCodeCacheSize=
#   JVM is running with Unscaled Compressed Oops mode in which the Java heap is
#     placed in the first 4GB address space. The Java Heap base address is the
#     maximum limit for the native heap growth. Please use -XX:HeapBaseMinAddress
#     to set the Java Heap base and to place the Java Heap above 4GB virtual address.
# This output file may be truncated or incomplete.
#
#  Out of Memory Error (virtualSpaceNode.cpp:108), pid=21920, tid=24236
#
# JRE version: Java(TM) SE Runtime Environment (16.0.1+9) (build 16.0.1+9-24)
# Java VM: Java HotSpot(TM) 64-Bit Server VM (16.0.1+9-24, mixed mode, sharing, tiered, compressed oops, compressed class ptrs, g1 gc, windows-amd64)
# No core dump will be written. Minidumps are not enabled by default on client versions of Windows
#

---------------  S U M M A R Y ------------

Command Line: -Dfile.encoding=UTF-8 --module-path=C:\Users\Ridam\Documents\NetBeansProjects\Simple Minds\build\classes simple.minds.Quiz

Host: AMD Ryzen 5 2500U with Radeon Vega Mobile Gfx  , 8 cores, 6G,  Windows 10 , 64 bit Build 19041 (10.0.19041.928)
Time: Sat May 22 17:10:42 2021 India Standard Time elapsed time: 0.378813 seconds (0d 0h 0m 0s)

---------------  T H R E A D  ---------------

Current thread (0x00000257e36d8740):  JavaThread "main" [_thread_in_vm, id=24236, stack(0x0000006016300000,0x0000006016400000)]

Stack: [0x0000006016300000,0x0000006016400000]
Native frames: (J=compiled Java code, j=interpreted, Vv=VM code, C=native code)
V  [jvm.dll+0x6687ca]
V  [jvm.dll+0x7ca3c9]
V  [jvm.dll+0x7cbb53]
V  [jvm.dll+0x7cc1b3]
V  [jvm.dll+0x242ea5]
V  [jvm.dll+0x7c6a4b]
V  [jvm.dll+0x60e436]
V  [jvm.dll+0x60e49a]
V  [jvm.dll+0x610aca]
V  [jvm.dll+0x60ed31]
V  [jvm.dll+0x6193f7]
V  [jvm.dll+0x1e9a52]
V  [jvm.dll+0x1e9f85]
V  [jvm.dll+0x1eab0f]
V  [jvm.dll+0x1df8a1]
V  [jvm.dll+0x536728]
V  [jvm.dll+0x1f0fa2]
V  [jvm.dll+0x741e03]
V  [jvm.dll+0x7436a8]
V  [jvm.dll+0x7439d3]
V  [jvm.dll+0x23ad74]
V  [jvm.dll+0x375b71]
C  0x00000257eae7c411

Java frames: (J=compiled Java code, j=interpreted, Vv=VM code)
j  sun.java2d.d3d.D3DGraphicsDevice.getDeviceCaps(I)Lsun/java2d/pipe/hw/ContextCapabilities;+31 java.desktop@16.0.1
j  sun.java2d.d3d.D3DGraphicsDevice.createDevice(I)Lsun/java2d/d3d/D3DGraphicsDevice;+9 java.desktop@16.0.1
j  sun.awt.Win32GraphicsEnvironment.makeScreenDevice(I)Ljava/awt/GraphicsDevice;+9 java.desktop@16.0.1
j  sun.java2d.SunGraphicsEnvironment.getScreenDevices()[Ljava/awt/GraphicsDevice;+30 java.desktop@16.0.1
j  sun.awt.Win32GraphicsEnvironment.getDefaultScreenDevice()Ljava/awt/GraphicsDevice;+1 java.desktop@16.0.1
j  java.awt.Window.initGC(Ljava/awt/GraphicsConfiguration;)Ljava/awt/GraphicsConfiguration;+10 java.desktop@16.0.1
j  java.awt.Window.init(Ljava/awt/GraphicsConfiguration;)V+45 java.desktop@16.0.1
j  java.awt.Window.<init>()V+124 java.desktop@16.0.1
j  java.awt.Frame.<init>(Ljava/lang/String;)V+1 java.desktop@16.0.1
j  java.awt.Frame.<init>()V+3 java.desktop@16.0.1
j  javax.swing.JFrame.<init>()V+1 java.desktop@16.0.1
j  simple.minds.Quiz.<init>()V+1
j  simple.minds.Quiz.main([Ljava/lang/String;)V+4
v  ~StubRoutines::call_stub

---------------  P R O C E S S  ---------------

Threads class SMR info:
_java_thread_list=0x00000257ffa8f600, length=15, elements={
0x00000257e36d8740, 0x00000257fed45c70, 0x00000257fed46b30, 0x00000257fed53220,
0x00000257fed55b40, 0x00000257fed56450, 0x00000257fed56d60, 0x00000257fed5beb0,
0x00000257fed668d0, 0x00000257fed67610, 0x00000257ff809080, 0x00000257ff8e6910,
0x00000257ffa7ae20, 0x00000257ffaacad0, 0x00000257ffaafab0
}

Java Threads: ( => current thread )
=>0x00000257e36d8740 JavaThread "main" [_thread_in_vm, id=24236, stack(0x0000006016300000,0x0000006016400000)]
  0x00000257fed45c70 JavaThread "Reference Handler" daemon [_thread_blocked, id=25732, stack(0x0000006016a00000,0x0000006016b00000)]
  0x00000257fed46b30 JavaThread "Finalizer" daemon [_thread_blocked, id=9028, stack(0x0000006016b00000,0x0000006016c00000)]
  0x00000257fed53220 JavaThread "Signal Dispatcher" daemon [_thread_blocked, id=25720, stack(0x0000006016c00000,0x0000006016d00000)]
  0x00000257fed55b40 JavaThread "Attach Listener" daemon [_thread_blocked, id=25724, stack(0x0000006016d00000,0x0000006016e00000)]
  0x00000257fed56450 JavaThread "Service Thread" daemon [_thread_blocked, id=13976, stack(0x0000006016e00000,0x0000006016f00000)]
  0x00000257fed56d60 JavaThread "Monitor Deflation Thread" daemon [_thread_blocked, id=6892, stack(0x0000006016f00000,0x0000006017000000)]
  0x00000257fed5beb0 JavaThread "C2 CompilerThread0" daemon [_thread_blocked, id=10476, stack(0x0000006017000000,0x0000006017100000)]
  0x00000257fed668d0 JavaThread "C1 CompilerThread0" daemon [_thread_blocked, id=25808, stack(0x0000006017100000,0x0000006017200000)]
  0x00000257fed67610 JavaThread "Sweeper thread" daemon [_thread_blocked, id=23980, stack(0x0000006017200000,0x0000006017300000)]
  0x00000257ff809080 JavaThread "Common-Cleaner" daemon [_thread_blocked, id=7632, stack(0x0000006017300000,0x0000006017400000)]
  0x00000257ff8e6910 JavaThread "Notification Thread" daemon [_thread_blocked, id=17148, stack(0x0000006017400000,0x0000006017500000)]
  0x00000257ffa7ae20 JavaThread "Java2D Disposer" daemon [_thread_blocked, id=24712, stack(0x0000006017600000,0x0000006017700000)]
  0x00000257ffaacad0 JavaThread "AWT-Shutdown" [_thread_blocked, id=24692, stack(0x0000006017700000,0x0000006017800000)]
  0x00000257ffaafab0 JavaThread "AWT-Windows" daemon [_thread_in_native, id=1008, stack(0x0000006017800000,0x0000006017900000)]

Other Threads:
  0x00000257fed41010 VMThread "VM Thread" [stack: 0x0000006016900000,0x0000006016a00000] [id=25788]
  0x00000257e36d9740 WatcherThread [stack: 0x0000006017500000,0x0000006017600000] [id=7852]
  0x00000257e3713de0 GCTaskThread "GC Thread#0" [stack: 0x0000006016400000,0x0000006016500000] [id=25716]
  0x00000257e3725040 ConcurrentGCThread "G1 Main Marker" [stack: 0x0000006016500000,0x0000006016600000] [id=25764]
  0x00000257e3726250 ConcurrentGCThread "G1 Conc#0" [stack: 0x0000006016600000,0x0000006016700000] [id=25772]
  0x00000257e379b120 ConcurrentGCThread "G1 Refine#0" [stack: 0x0000006016700000,0x0000006016800000] [id=25780]
  0x00000257e379bba0 ConcurrentGCThread "G1 Service" [stack: 0x0000006016800000,0x0000006016900000] [id=23464]

Threads with active compile tasks:

VM state: not at safepoint (normal execution)

VM Mutex/Monitor currently owned by a thread:  ([mutex/lock_event])
[0x00000257e36d4210] MetaspaceExpand_lock - owner thread: 0x00000257e36d8740

Heap address: 0x0000000091000000, size: 1776 MB, Compressed Oops mode: 32-bit

CDS archive(s) mapped at: [0x0000000800000000-0x0000000800bb0000-0x0000000800bb0000), size 12255232, SharedBaseAddress: 0x0000000800000000, ArchiveRelocationMode: 0.
Compressed class space mapped at: 0x0000000800c00000-0x0000000840c00000, reserved size: 1073741824
Narrow klass base: 0x0000000800000000, Narrow klass shift: 3, Narrow klass range: 0x100000000

GC Precious Log:
 CPUs: 8 total, 8 available
 Memory: 7102M
 Large Page Support: Disabled
 NUMA Support: Disabled
 Compressed Oops: Enabled (32-bit)
 Heap Region Size: 1M
 Heap Min Capacity: 8M
 Heap Initial Capacity: 112M
 Heap Max Capacity: 1776M
 Pre-touch: Disabled
 Parallel Workers: 8
 Concurrent Workers: 2
 Concurrent Refinement Workers: 8
 Periodic GC: Disabled

Heap:
 garbage-first heap   total 114688K, used 2048K [0x0000000091000000, 0x0000000100000000)
  region size 1024K, 3 young (3072K), 0 survivors (0K)
 Metaspace       used 2740K, committed 2816K, reserved 1056768K
  class space    used 260K, committed 320K, reserved 1048576K

Heap Regions: E=young(eden), S=young(survivor), O=old, HS=humongous(starts), HC=humongous(continues), CS=collection set, F=free, OA=open archive, CA=closed archive, TAMS=top-at-mark-start (previous, next)
|   0|0x0000000091000000, 0x0000000091000000, 0x0000000091100000|  0%| F|  |TAMS 0x0000000091000000, 0x0000000091000000| Untracked 
|   1|0x0000000091100000, 0x0000000091100000, 0x0000000091200000|  0%| F|  |TAMS 0x0000000091100000, 0x0000000091100000| Untracked 
|   2|0x0000000091200000, 0x0000000091200000, 0x0000000091300000|  0%| F|  |TAMS 0x0000000091200000, 0x0000000091200000| Untracked 
|   3|0x0000000091300000, 0x0000000091300000, 0x0000000091400000|  0%| F|  |TAMS 0x0000000091300000, 0x0000000091300000| Untracked 
|   4|0x0000000091400000, 0x0000000091400000, 0x0000000091500000|  0%| F|  |TAMS 0x0000000091400000, 0x0000000091400000| Untracked 
|   5|0x0000000091500000, 0x0000000091500000, 0x0000000091600000|  0%| F|  |TAMS 0x0000000091500000, 0x0000000091500000| Untracked 
|   6|0x0000000091600000, 0x0000000091600000, 0x0000000091700000|  0%| F|  |TAMS 0x0000000091600000, 0x0000000091600000| Untracked 
|   7|0x0000000091700000, 0x0000000091700000, 0x0000000091800000|  0%| F|  |TAMS 0x0000000091700000, 0x0000000091700000| Untracked 
|   8|0x0000000091800000, 0x0000000091800000, 0x0000000091900000|  0%| F|  |TAMS 0x0000000091800000, 0x0000000091800000| Untracked 
|   9|0x0000000091900000, 0x0000000091900000, 0x0000000091a00000|  0%| F|  |TAMS 0x0000000091900000, 0x0000000091900000| Untracked 
|  10|0x0000000091a00000, 0x0000000091a00000, 0x0000000091b00000|  0%| F|  |TAMS 0x0000000091a00000, 0x0000000091a00000| Untracked 
|  11|0x0000000091b00000, 0x0000000091b00000, 0x0000000091c00000|  0%| F|  |TAMS 0x0000000091b00000, 0x0000000091b00000| Untracked 
|  12|0x0000000091c00000, 0x0000000091c00000, 0x0000000091d00000|  0%| F|  |TAMS 0x0000000091c00000, 0x0000000091c00000| Untracked 
|  13|0x0000000091d00000, 0x0000000091d00000, 0x0000000091e00000|  0%| F|  |TAMS 0x0000000091d00000, 0x0000000091d00000| Untracked 
|  14|0x0000000091e00000, 0x0000000091e00000, 0x0000000091f00000|  0%| F|  |TAMS 0x0000000091e00000, 0x0000000091e00000| Untracked 
|  15|0x0000000091f00000, 0x0000000091f00000, 0x0000000092000000|  0%| F|  |TAMS 0x0000000091f00000, 0x0000000091f00000| Untracked 
|  16|0x0000000092000000, 0x0000000092000000, 0x0000000092100000|  0%| F|  |TAMS 0x0000000092000000, 0x0000000092000000| Untracked 
|  17|0x0000000092100000, 0x0000000092100000, 0x0000000092200000|  0%| F|  |TAMS 0x0000000092100000, 0x0000000092100000| Untracked 
|  18|0x0000000092200000, 0x0000000092200000, 0x0000000092300000|  0%| F|  |TAMS 0x0000000092200000, 0x0000000092200000| Untracked 
|  19|0x0000000092300000, 0x0000000092300000, 0x0000000092400000|  0%| F|  |TAMS 0x0000000092300000, 0x0000000092300000| Untracked 
|  20|0x0000000092400000, 0x0000000092400000, 0x0000000092500000|  0%| F|  |TAMS 0x0000000092400000, 0x0000000092400000| Untracked 
|  21|0x0000000092500000, 0x0000000092500000, 0x0000000092600000|  0%| F|  |TAMS 0x0000000092500000, 0x0000000092500000| Untracked 
|  22|0x0000000092600000, 0x0000000092600000, 0x0000000092700000|  0%| F|  |TAMS 0x0000000092600000, 0x0000000092600000| Untracked 
|  23|0x0000000092700000, 0x0000000092700000, 0x0000000092800000|  0%| F|  |TAMS 0x0000000092700000, 0x0000000092700000| Untracked 
|  24|0x0000000092800000, 0x0000000092800000, 0x0000000092900000|  0%| F|  |TAMS 0x0000000092800000, 0x0000000092800000| Untracked 
|  25|0x0000000092900000, 0x0000000092900000, 0x0000000092a00000|  0%| F|  |TAMS 0x0000000092900000, 0x0000000092900000| Untracked 
|  26|0x0000000092a00000, 0x0000000092a00000, 0x0000000092b00000|  0%| F|  |TAMS 0x0000000092a00000, 0x0000000092a00000| Untracked 
|  27|0x0000000092b00000, 0x0000000092b00000, 0x0000000092c00000|  0%| F|  |TAMS 0x0000000092b00000, 0x0000000092b00000| Untracked 
|  28|0x0000000092c00000, 0x0000000092c00000, 0x0000000092d00000|  0%| F|  |TAMS 0x0000000092c00000, 0x0000000092c00000| Untracked 
|  29|0x0000000092d00000, 0x0000000092d00000, 0x0000000092e00000|  0%| F|  |TAMS 0x0000000092d00000, 0x0000000092d00000| Untracked 
|  30|0x0000000092e00000, 0x0000000092e00000, 0x0000000092f00000|  0%| F|  |TAMS 0x0000000092e00000, 0x0000000092e00000| Untracked 
|  31|0x0000000092f00000, 0x0000000092f00000, 0x0000000093000000|  0%| F|  |TAMS 0x0000000092f00000, 0x0000000092f00000| Untracked 
|  32|0x0000000093000000, 0x0000000093000000, 0x0000000093100000|  0%| F|  |TAMS 0x0000000093000000, 0x0000000093000000| Untracked 
|  33|0x0000000093100000, 0x0000000093100000, 0x0000000093200000|  0%| F|  |TAMS 0x0000000093100000, 0x0000000093100000| Untracked 
|  34|0x0000000093200000, 0x0000000093200000, 0x0000000093300000|  0%| F|  |TAMS 0x0000000093200000, 0x0000000093200000| Untracked 
|  35|0x0000000093300000, 0x0000000093300000, 0x0000000093400000|  0%| F|  |TAMS 0x0000000093300000, 0x0000000093300000| Untracked 
|  36|0x0000000093400000, 0x0000000093400000, 0x0000000093500000|  0%| F|  |TAMS 0x0000000093400000, 0x0000000093400000| Untracked 
|  37|0x0000000093500000, 0x0000000093500000, 0x0000000093600000|  0%| F|  |TAMS 0x0000000093500000, 0x0000000093500000| Untracked 
|  38|0x0000000093600000, 0x0000000093600000, 0x0000000093700000|  0%| F|  |TAMS 0x0000000093600000, 0x0000000093600000| Untracked 
|  39|0x0000000093700000, 0x0000000093700000, 0x0000000093800000|  0%| F|  |TAMS 0x0000000093700000, 0x0000000093700000| Untracked 
|  40|0x0000000093800000, 0x0000000093800000, 0x0000000093900000|  0%| F|  |TAMS 0x0000000093800000, 0x0000000093800000| Untracked 
|  41|0x0000000093900000, 0x0000000093900000, 0x0000000093a00000|  0%| F|  |TAMS 0x0000000093900000, 0x0000000093900000| Untracked 
|  42|0x0000000093a00000, 0x0000000093a00000, 0x0000000093b00000|  0%| F|  |TAMS 0x0000000093a00000, 0x0000000093a00000| Untracked 
|  43|0x0000000093b00000, 0x0000000093b00000, 0x0000000093c00000|  0%| F|  |TAMS 0x0000000093b00000, 0x0000000093b00000| Untracked 
|  44|0x0000000093c00000, 0x0000000093c00000, 0x0000000093d00000|  0%| F|  |TAMS 0x0000000093c00000, 0x0000000093c00000| Untracked 
|  45|0x0000000093d00000, 0x0000000093d00000, 0x0000000093e00000|  0%| F|  |TAMS 0x0000000093d00000, 0x0000000093d00000| Untracked 
|  46|0x0000000093e00000, 0x0000000093e00000, 0x0000000093f00000|  0%| F|  |TAMS 0x0000000093e00000, 0x0000000093e00000| Untracked 
|  47|0x0000000093f00000, 0x0000000093f00000, 0x0000000094000000|  0%| F|  |TAMS 0x0000000093f00000, 0x0000000093f00000| Untracked 
|  48|0x0000000094000000, 0x0000000094000000, 0x0000000094100000|  0%| F|  |TAMS 0x0000000094000000, 0x0000000094000000| Untracked 
|  49|0x0000000094100000, 0x0000000094100000, 0x0000000094200000|  0%| F|  |TAMS 0x0000000094100000, 0x0000000094100000| Untracked 
|  50|0x0000000094200000, 0x0000000094200000, 0x0000000094300000|  0%| F|  |TAMS 0x0000000094200000, 0x0000000094200000| Untracked 
|  51|0x0000000094300000, 0x0000000094300000, 0x0000000094400000|  0%| F|  |TAMS 0x0000000094300000, 0x0000000094300000| Untracked 
|  52|0x0000000094400000, 0x0000000094400000, 0x0000000094500000|  0%| F|  |TAMS 0x0000000094400000, 0x0000000094400000| Untracked 
|  53|0x0000000094500000, 0x0000000094500000, 0x0000000094600000|  0%| F|  |TAMS 0x0000000094500000, 0x0000000094500000| Untracked 
|  54|0x0000000094600000, 0x0000000094600000, 0x0000000094700000|  0%| F|  |TAMS 0x0000000094600000, 0x0000000094600000| Untracked 
|  55|0x0000000094700000, 0x0000000094700000, 0x0000000094800000|  0%| F|  |TAMS 0x0000000094700000, 0x0000000094700000| Untracked 
|  56|0x0000000094800000, 0x0000000094800000, 0x0000000094900000|  0%| F|  |TAMS 0x0000000094800000, 0x0000000094800000| Untracked 
|  57|0x0000000094900000, 0x0000000094900000, 0x0000000094a00000|  0%| F|  |TAMS 0x0000000094900000, 0x0000000094900000| Untracked 
|  58|0x0000000094a00000, 0x0000000094a00000, 0x0000000094b00000|  0%| F|  |TAMS 0x0000000094a00000, 0x0000000094a00000| Untracked 
|  59|0x0000000094b00000, 0x0000000094b00000, 0x0000000094c00000|  0%| F|  |TAMS 0x0000000094b00000, 0x0000000094b00000| Untracked 
|  60|0x0000000094c00000, 0x0000000094c00000, 0x0000000094d00000|  0%| F|  |TAMS 0x0000000094c00000, 0x0000000094c00000| Untracked 
|  61|0x0000000094d00000, 0x0000000094d00000, 0x0000000094e00000|  0%| F|  |TAMS 0x0000000094d00000, 0x0000000094d00000| Untracked 
|  62|0x0000000094e00000, 0x0000000094e00000, 0x0000000094f00000|  0%| F|  |TAMS 0x0000000094e00000, 0x0000000094e00000| Untracked 
|  63|0x0000000094f00000, 0x0000000094f00000, 0x0000000095000000|  0%| F|  |TAMS 0x0000000094f00000, 0x0000000094f00000| Untracked 
|  64|0x0000000095000000, 0x0000000095000000, 0x0000000095100000|  0%| F|  |TAMS 0x0000000095000000, 0x0000000095000000| Untracked 
|  65|0x0000000095100000, 0x0000000095100000, 0x0000000095200000|  0%| F|  |TAMS 0x0000000095100000, 0x0000000095100000| Untracked 
|  66|0x0000000095200000, 0x0000000095200000, 0x0000000095300000|  0%| F|  |TAMS 0x0000000095200000, 0x0000000095200000| Untracked 
|  67|0x0000000095300000, 0x0000000095300000, 0x0000000095400000|  0%| F|  |TAMS 0x0000000095300000, 0x0000000095300000| Untracked 
|  68|0x0000000095400000, 0x0000000095400000, 0x0000000095500000|  0%| F|  |TAMS 0x0000000095400000, 0x0000000095400000| Untracked 
|  69|0x0000000095500000, 0x0000000095500000, 0x0000000095600000|  0%| F|  |TAMS 0x0000000095500000, 0x0000000095500000| Untracked 
|  70|0x0000000095600000, 0x0000000095600000, 0x0000000095700000|  0%| F|  |TAMS 0x0000000095600000, 0x0000000095600000| Untracked 
|  71|0x0000000095700000, 0x0000000095700000, 0x0000000095800000|  0%| F|  |TAMS 0x0000000095700000, 0x0000000095700000| Untracked 
|  72|0x0000000095800000, 0x0000000095800000, 0x0000000095900000|  0%| F|  |TAMS 0x0000000095800000, 0x0000000095800000| Untracked 
|  73|0x0000000095900000, 0x0000000095900000, 0x0000000095a00000|  0%| F|  |TAMS 0x0000000095900000, 0x0000000095900000| Untracked 
|  74|0x0000000095a00000, 0x0000000095a00000, 0x0000000095b00000|  0%| F|  |TAMS 0x0000000095a00000, 0x0000000095a00000| Untracked 
|  75|0x0000000095b00000, 0x0000000095b00000, 0x0000000095c00000|  0%| F|  |TAMS 0x0000000095b00000, 0x0000000095b00000| Untracked 
|  76|0x0000000095c00000, 0x0000000095c00000, 0x0000000095d00000|  0%| F|  |TAMS 0x0000000095c00000, 0x0000000095c00000| Untracked 
|  77|0x0000000095d00000, 0x0000000095d00000, 0x0000000095e00000|  0%| F|  |TAMS 0x0000000095d00000, 0x0000000095d00000| Untracked 
|  78|0x0000000095e00000, 0x0000000095e00000, 0x0000000095f00000|  0%| F|  |TAMS 0x0000000095e00000, 0x0000000095e00000| Untracked 
|  79|0x0000000095f00000, 0x0000000095f00000, 0x0000000096000000|  0%| F|  |TAMS 0x0000000095f00000, 0x0000000095f00000| Untracked 
|  80|0x0000000096000000, 0x0000000096000000, 0x0000000096100000|  0%| F|  |TAMS 0x0000000096000000, 0x0000000096000000| Untracked 
|  81|0x0000000096100000, 0x0000000096100000, 0x0000000096200000|  0%| F|  |TAMS 0x0000000096100000, 0x0000000096100000| Untracked 
|  82|0x0000000096200000, 0x0000000096200000, 0x0000000096300000|  0%| F|  |TAMS 0x0000000096200000, 0x0000000096200000| Untracked 
|  83|0x0000000096300000, 0x0000000096300000, 0x0000000096400000|  0%| F|  |TAMS 0x0000000096300000, 0x0000000096300000| Untracked 
|  84|0x0000000096400000, 0x0000000096400000, 0x0000000096500000|  0%| F|  |TAMS 0x0000000096400000, 0x0000000096400000| Untracked 
|  85|0x0000000096500000, 0x0000000096500000, 0x0000000096600000|  0%| F|  |TAMS 0x0000000096500000, 0x0000000096500000| Untracked 
|  86|0x0000000096600000, 0x0000000096600000, 0x0000000096700000|  0%| F|  |TAMS 0x0000000096600000, 0x0000000096600000| Untracked 
|  87|0x0000000096700000, 0x0000000096700000, 0x0000000096800000|  0%| F|  |TAMS 0x0000000096700000, 0x0000000096700000| Untracked 
|  88|0x0000000096800000, 0x0000000096800000, 0x0000000096900000|  0%| F|  |TAMS 0x0000000096800000, 0x0000000096800000| Untracked 
|  89|0x0000000096900000, 0x0000000096900000, 0x0000000096a00000|  0%| F|  |TAMS 0x0000000096900000, 0x0000000096900000| Untracked 
|  90|0x0000000096a00000, 0x0000000096a00000, 0x0000000096b00000|  0%| F|  |TAMS 0x0000000096a00000, 0x0000000096a00000| Untracked 
|  91|0x0000000096b00000, 0x0000000096b00000, 0x0000000096c00000|  0%| F|  |TAMS 0x0000000096b00000, 0x0000000096b00000| Untracked 
|  92|0x0000000096c00000, 0x0000000096c00000, 0x0000000096d00000|  0%| F|  |TAMS 0x0000000096c00000, 0x0000000096c00000| Untracked 
|  93|0x0000000096d00000, 0x0000000096d00000, 0x0000000096e00000|  0%| F|  |TAMS 0x0000000096d00000, 0x0000000096d00000| Untracked 
|  94|0x0000000096e00000, 0x0000000096e00000, 0x0000000096f00000|  0%| F|  |TAMS 0x0000000096e00000, 0x0000000096e00000| Untracked 
|  95|0x0000000096f00000, 0x0000000096f00000, 0x0000000097000000|  0%| F|  |TAMS 0x0000000096f00000, 0x0000000096f00000| Untracked 
|  96|0x0000000097000000, 0x0000000097000000, 0x0000000097100000|  0%| F|  |TAMS 0x0000000097000000, 0x0000000097000000| Untracked 
|  97|0x0000000097100000, 0x0000000097100000, 0x0000000097200000|  0%| F|  |TAMS 0x0000000097100000, 0x0000000097100000| Untracked 
|  98|0x0000000097200000, 0x0000000097200000, 0x0000000097300000|  0%| F|  |TAMS 0x0000000097200000, 0x0000000097200000| Untracked 
|  99|0x0000000097300000, 0x0000000097300000, 0x0000000097400000|  0%| F|  |TAMS 0x0000000097300000, 0x0000000097300000| Untracked 
| 100|0x0000000097400000, 0x0000000097400000, 0x0000000097500000|  0%| F|  |TAMS 0x0000000097400000, 0x0000000097400000| Untracked 
| 101|0x0000000097500000, 0x0000000097500000, 0x0000000097600000|  0%| F|  |TAMS 0x0000000097500000, 0x0000000097500000| Untracked 
| 102|0x0000000097600000, 0x0000000097600000, 0x0000000097700000|  0%| F|  |TAMS 0x0000000097600000, 0x0000000097600000| Untracked 
| 103|0x0000000097700000, 0x0000000097700000, 0x0000000097800000|  0%| F|  |TAMS 0x0000000097700000, 0x0000000097700000| Untracked 
| 104|0x0000000097800000, 0x0000000097800000, 0x0000000097900000|  0%| F|  |TAMS 0x0000000097800000, 0x0000000097800000| Untracked 
| 105|0x0000000097900000, 0x0000000097900000, 0x0000000097a00000|  0%| F|  |TAMS 0x0000000097900000, 0x0000000097900000| Untracked 
| 106|0x0000000097a00000, 0x0000000097a00000, 0x0000000097b00000|  0%| F|  |TAMS 0x0000000097a00000, 0x0000000097a00000| Untracked 
| 107|0x0000000097b00000, 0x0000000097b00000, 0x0000000097c00000|  0%| F|  |TAMS 0x0000000097b00000, 0x0000000097b00000| Untracked 
| 108|0x0000000097c00000, 0x0000000097c00000, 0x0000000097d00000|  0%| F|  |TAMS 0x0000000097c00000, 0x0000000097c00000| Untracked 
| 109|0x0000000097d00000, 0x0000000097e00000, 0x0000000097e00000|100%| E|  |TAMS 0x0000000097d00000, 0x0000000097d00000| Complete 
| 110|0x0000000097e00000, 0x0000000097f00000, 0x0000000097f00000|100%| E|CS|TAMS 0x0000000097e00000, 0x0000000097e00000| Complete 
| 111|0x0000000097f00000, 0x0000000098000000, 0x0000000098000000|100%| E|CS|TAMS 0x0000000097f00000, 0x0000000097f00000| Complete 

Card table byte_map: [0x00000257fa510000,0x00000257fa890000] _byte_map_base: 0x00000257fa088000

Marking Bits (Prev, Next): (CMBitMap*) 0x00000257e3716870, (CMBitMap*) 0x00000257e37168b0
 Prev Bits: [0x00000257fac10000, 0x00000257fc7d0000)
 Next Bits: [0x00000257fc7d0000, 0x00000257fe390000)

Polling page: 0x00000257e16c0000

Metaspace:

Usage:
  Non-class:      2.42 MB used.
      Class:    260.92 KB used.
       Both:      2.68 MB used.

Virtual space:
  Non-class space:        8.00 MB reserved,       2.44 MB ( 30%) committed,  1 nodes.
      Class space:        1.00 GB reserved,     320.00 KB ( <1%) committed,  1 nodes.
              Both:        1.01 GB reserved,       2.75 MB ( <1%) committed. 

Chunk freelists:
   Non-Class:  3.94 MB
       Class:  3.71 MB
        Both:  7.65 MB

MaxMetaspaceSize: 17179869184.00 GB
CompressedClassSpaceSize: 1.00 GB
 - commit_granule_bytes: 65536.
 - commit_granule_words: 8192.
 - virtual_space_node_default_size: 1048576.
 - enlarge_chunks_in_place: 1.
 - new_chunks_are_fully_committed: 0.
 - uncommit_free_chunks: 1.
 - use_allocation_guard: 0.
 - handle_deallocations: 1.


Internal statistics:

num_allocs_failed_limit: 0.
num_arena_births: 62.
num_arena_deaths: 0.
num_vsnodes_births: 2.
num_vsnodes_deaths: 0.
num_space_committed: 44.
num_space_uncommitted: 0.
num_chunks_returned_to_freelist: 0.
num_chunks_taken_from_freelist: 73.
num_chunk_merges: 0.
num_chunk_splits: 45.
num_chunks_enlarged: 21.
num_purges: 0.

CodeHeap 'non-profiled nmethods': size=120000Kb used=123Kb max_used=123Kb free=119877Kb
 bounds [0x00000257f2930000, 0x00000257f2ba0000, 0x00000257f9e60000]
CodeHeap 'profiled nmethods': size=120000Kb used=481Kb max_used=481Kb free=119518Kb
 bounds [0x00000257eb400000, 0x00000257eb670000, 0x00000257f2930000]
CodeHeap 'non-nmethods': size=5760Kb used=1173Kb max_used=1173Kb free=4586Kb
 bounds [0x00000257eae60000, 0x00000257eb0d0000, 0x00000257eb400000]
 total_blobs=842 nmethods=378 adapters=377
 compilation: enabled
              stopped_count=0, restarted_count=0
 full_count=0

Compilation events (20 events):
Event: 0.285 Thread 0x00000257fed668d0  368       3       java.lang.invoke.MemberName::getName (25 bytes)
Event: 0.285 Thread 0x00000257fed668d0 nmethod 368 0x00000257eb473690 code [0x00000257eb473860, 0x00000257eb473be8]
Event: 0.285 Thread 0x00000257fed668d0  369       3       java.lang.invoke.MethodHandle::<init> (37 bytes)
Event: 0.286 Thread 0x00000257fed668d0 nmethod 369 0x00000257eb473d10 code [0x00000257eb473f20, 0x00000257eb474498]
Event: 0.286 Thread 0x00000257fed668d0  370       3       java.lang.invoke.LambdaForm::prepare (112 bytes)
Event: 0.286 Thread 0x00000257fed668d0 nmethod 370 0x00000257eb474710 code [0x00000257eb474960, 0x00000257eb4751d8]
Event: 0.286 Thread 0x00000257fed668d0  371       3       java.lang.invoke.MemberName$Factory::resolveOrFail (79 bytes)
Event: 0.287 Thread 0x00000257fed668d0 nmethod 371 0x00000257eb475490 code [0x00000257eb4756c0, 0x00000257eb475e58]
Event: 0.299 Thread 0x00000257fed668d0  372       3       jdk.internal.misc.Unsafe::allocateUninitializedArray (55 bytes)
Event: 0.300 Thread 0x00000257fed668d0 nmethod 372 0x00000257eb476110 code [0x00000257eb476300, 0x00000257eb476778]
Event: 0.300 Thread 0x00000257fed668d0  373       3       java.lang.String::replace (42 bytes)
Event: 0.300 Thread 0x00000257fed668d0 nmethod 373 0x00000257eb476910 code [0x00000257eb476ae0, 0x00000257eb476e18]
Event: 0.300 Thread 0x00000257fed668d0  374       3       jdk.internal.org.objectweb.asm.Handler::getExceptionTableLength (21 bytes)
Event: 0.300 Thread 0x00000257fed668d0 nmethod 374 0x00000257eb476f10 code [0x00000257eb4770c0, 0x00000257eb477258]
Event: 0.300 Thread 0x00000257fed668d0  375       1       jdk.internal.org.objectweb.asm.SymbolTable::getMajorVersion (5 bytes)
Event: 0.300 Thread 0x00000257fed668d0 nmethod 375 0x00000257f294e610 code [0x00000257f294e7a0, 0x00000257f294e878]
Event: 0.301 Thread 0x00000257fed668d0  376       3       java.util.HashSet::contains (9 bytes)
Event: 0.301 Thread 0x00000257fed668d0 nmethod 376 0x00000257eb477390 code [0x00000257eb477540, 0x00000257eb4777c8]
Event: 0.301 Thread 0x00000257fed668d0  378       3       java.lang.invoke.MemberName::getInvocationType (56 bytes)
Event: 0.302 Thread 0x00000257fed668d0 nmethod 378 0x00000257eb477890 code [0x00000257eb477ac0, 0x00000257eb4783e8]

GC Heap History (0 events):
No events

Deoptimization events (0 events):
No events

Classes unloaded (0 events):
No events

Classes redefined (0 events):
No events

Internal exceptions (9 events):
Event: 0.129 Thread 0x00000257e36d8740 Exception <a 'sun/nio/fs/WindowsException'{0x0000000097e3e060}> (0x0000000097e3e060) 
thrown [t:\workspace\open\src\hotspot\share\prims\jni.cpp, line 579]
Event: 0.129 Thread 0x00000257e36d8740 Exception <a 'sun/nio/fs/WindowsException'{0x0000000097e3e590}> (0x0000000097e3e590) 
thrown [t:\workspace\open\src\hotspot\share\prims\jni.cpp, line 579]
Event: 0.131 Thread 0x00000257e36d8740 Exception <a 'sun/nio/fs/WindowsException'{0x0000000097e40880}> (0x0000000097e40880) 
thrown [t:\workspace\open\src\hotspot\share\prims\jni.cpp, line 579]
Event: 0.169 Thread 0x00000257e36d8740 Exception <a 'java/lang/NoSuchMethodError'{0x0000000097ecfea0}: 'void java.lang.invoke.DirectMethodHandle$Holder.invokeSpecial(java.lang.Object, java.lang.Object, java.lang.Object)'> (0x0000000097ecfea0) 
thrown [t:\workspace\open\src\hotspot\share\interpreter\linkResolver.cpp, line 790]
Event: 0.182 Thread 0x00000257e36d8740 Exception <a 'java/lang/ClassNotFoundException'{0x0000000097ee6d80}: sun/awt/resources/spi/awtProvider> (0x0000000097ee6d80) 
thrown [t:\workspace\open\src\hotspot\share\classfile\systemDictionary.cpp, line 256]
Event: 0.216 Thread 0x00000257e36d8740 Exception <a 'java/io/FileNotFoundException'{0x0000000097d3ba98}> (0x0000000097d3ba98) 
thrown [t:\workspace\open\src\hotspot\share\prims\jni.cpp, line 579]
Event: 0.228 Thread 0x00000257e36d8740 Exception <a 'java/io/FileNotFoundException'{0x0000000097d6a3a8}> (0x0000000097d6a3a8) 
thrown [t:\workspace\open\src\hotspot\share\prims\jni.cpp, line 579]
Event: 0.229 Thread 0x00000257e36d8740 Exception <a 'java/lang/NoSuchMethodError'{0x0000000097d6b4a0}: 'java.lang.Object java.lang.invoke.DirectMethodHandle$Holder.invokeStatic(java.lang.Object)'> (0x0000000097d6b4a0) 
thrown [t:\workspace\open\src\hotspot\share\interpreter\linkResolver.cpp, line 790]
Event: 0.283 Thread 0x00000257e36d8740 Exception <a 'java/lang/NoSuchMethodError'{0x0000000097dbae78}: 'java.lang.Object java.lang.invoke.DirectMethodHandle$Holder.invokeStaticInit(java.lang.Object)'> (0x0000000097dbae78) 
thrown [t:\workspace\open\src\hotspot\share\interpreter\linkResolver.cpp, line 790]

Events (20 events):
Event: 0.284 loading class sun/awt/util/ThreadGroupUtils
Event: 0.284 loading class sun/awt/util/ThreadGroupUtils done
Event: 0.284 Thread 0x00000257ffa7ae20 Thread added: 0x00000257ffa7ae20
Event: 0.284 loading class sun/awt/AWTAutoShutdown
Event: 0.284 loading class sun/awt/AWTAutoShutdown done
Event: 0.285 Thread 0x00000257ffaacad0 Thread added: 0x00000257ffaacad0
Event: 0.287 Thread 0x00000257ffaafab0 Thread added: 0x00000257ffaafab0
Event: 0.331 loading class sun/java2d/d3d/D3DRenderQueue
Event: 0.331 loading class sun/java2d/pipe/RenderQueue
Event: 0.331 loading class sun/java2d/pipe/RenderQueue done
Event: 0.331 loading class sun/java2d/d3d/D3DRenderQueue done
Event: 0.331 loading class sun/java2d/pipe/RenderBuffer
Event: 0.331 loading class sun/java2d/pipe/RenderBuffer done
Event: 0.332 loading class sun/java2d/d3d/D3DRenderQueue$1
Event: 0.332 loading class sun/java2d/d3d/D3DRenderQueue$1 done
Event: 0.332 loading class sun/java2d/d3d/D3DGraphicsDevice$1Result
Event: 0.332 loading class sun/java2d/d3d/D3DGraphicsDevice$1Result done
Event: 0.332 loading class sun/java2d/d3d/D3DGraphicsDevice$1
Event: 0.332 loading class sun/java2d/d3d/D3DGraphicsDevice$1 done
Event: 0.374 loading class sun/java2d/d3d/D3DContext$D3DContextCaps


Dynamic libraries:
0x00007ff61f030000 - 0x00007ff61f040000 	C:\Program Files\Java\jdk-16.0.1\bin\java.exe
0x00007ffa29f30000 - 0x00007ffa2a125000 	C:\WINDOWS\SYSTEM32\ntdll.dll
0x00007ffa292a0000 - 0x00007ffa2935d000 	C:\WINDOWS\System32\KERNEL32.DLL
0x00007ffa27b40000 - 0x00007ffa27e08000 	C:\WINDOWS\System32\KERNELBASE.dll
0x00007ffa27e60000 - 0x00007ffa27f60000 	C:\WINDOWS\System32\ucrtbase.dll
0x00007ffa17440000 - 0x00007ffa17458000 	C:\Program Files\Java\jdk-16.0.1\bin\jli.dll
0x00007ffa21b00000 - 0x00007ffa21b19000 	C:\Program Files\Java\jdk-16.0.1\bin\VCRUNTIME140.dll
0x00007ffa27fc0000 - 0x00007ffa2806c000 	C:\WINDOWS\System32\ADVAPI32.dll
0x00007ffa282b0000 - 0x00007ffa2834e000 	C:\WINDOWS\System32\msvcrt.dll
0x00007ffa28940000 - 0x00007ffa289db000 	C:\WINDOWS\System32\sechost.dll
0x00007ffa28070000 - 0x00007ffa2819b000 	C:\WINDOWS\System32\RPCRT4.dll
0x00007ffa28370000 - 0x00007ffa28510000 	C:\WINDOWS\System32\USER32.dll
0x00007ffa13ff0000 - 0x00007ffa1428a000 	C:\WINDOWS\WinSxS\amd64_microsoft.windows.common-controls_6595b64144ccf1df_6.0.19041.844_none_ca00b6081b84eb1d\COMCTL32.dll
0x00007ffa27f60000 - 0x00007ffa27f82000 	C:\WINDOWS\System32\win32u.dll
0x00007ffa27f90000 - 0x00007ffa27fba000 	C:\WINDOWS\System32\GDI32.dll
0x00007ffa27a30000 - 0x00007ffa27b3b000 	C:\WINDOWS\System32\gdi32full.dll
0x00007ffa27720000 - 0x00007ffa277bd000 	C:\WINDOWS\System32\msvcp_win.dll
0x00007ffa1d770000 - 0x00007ffa1d77a000 	C:\WINDOWS\SYSTEM32\VERSION.dll
0x00007ffa28760000 - 0x00007ffa28790000 	C:\WINDOWS\System32\IMM32.DLL
0x00007ffa21af0000 - 0x00007ffa21afc000 	C:\Program Files\Java\jdk-16.0.1\bin\vcruntime140_1.dll
0x00007ffa17100000 - 0x00007ffa17191000 	C:\Program Files\Java\jdk-16.0.1\bin\msvcp140.dll
0x00007ff9ecae0000 - 0x00007ff9ed68b000 	C:\Program Files\Java\jdk-16.0.1\bin\server\jvm.dll
0x00007ffa28350000 - 0x00007ffa28358000 	C:\WINDOWS\System32\PSAPI.DLL
0x00007ffa1d780000 - 0x00007ffa1d7a7000 	C:\WINDOWS\SYSTEM32\WINMM.dll
0x00007ffa0ff70000 - 0x00007ffa0ff79000 	C:\WINDOWS\SYSTEM32\WSOCK32.dll
0x00007ffa28690000 - 0x00007ffa286fb000 	C:\WINDOWS\System32\WS2_32.dll
0x00007ffa25f70000 - 0x00007ffa25f82000 	C:\WINDOWS\SYSTEM32\kernel.appcore.dll
0x00007ffa21ae0000 - 0x00007ffa21aea000 	C:\Program Files\Java\jdk-16.0.1\bin\jimage.dll
0x00007ffa25d20000 - 0x00007ffa25f04000 	C:\WINDOWS\SYSTEM32\DBGHELP.DLL
0x00007ffa1c1c0000 - 0x00007ffa1c1ec000 	C:\WINDOWS\SYSTEM32\dbgcore.DLL
0x00007ffa277c0000 - 0x00007ffa27840000 	C:\WINDOWS\System32\bcryptPrimitives.dll
0x00007ffa21a30000 - 0x00007ffa21a55000 	C:\Program Files\Java\jdk-16.0.1\bin\java.dll
0x00007ffa289e0000 - 0x00007ffa29122000 	C:\WINDOWS\System32\SHELL32.dll
0x00007ffa25590000 - 0x00007ffa25d20000 	C:\WINDOWS\SYSTEM32\windows.storage.dll
0x00007ffa293f0000 - 0x00007ffa29745000 	C:\WINDOWS\System32\combase.dll
0x00007ffa27010000 - 0x00007ffa2703c000 	C:\WINDOWS\SYSTEM32\Wldp.dll
0x00007ffa28200000 - 0x00007ffa282ae000 	C:\WINDOWS\System32\SHCORE.dll
0x00007ffa281a0000 - 0x00007ffa281f5000 	C:\WINDOWS\System32\shlwapi.dll
0x00007ffa275b0000 - 0x00007ffa275cf000 	C:\WINDOWS\SYSTEM32\profapi.dll
0x00007ffa1f870000 - 0x00007ffa1f889000 	C:\Program Files\Java\jdk-16.0.1\bin\net.dll
0x00007ffa1d2a0000 - 0x00007ffa1d3ab000 	C:\WINDOWS\SYSTEM32\WINHTTP.dll
0x00007ffa26d80000 - 0x00007ffa26dea000 	C:\WINDOWS\system32\mswsock.dll
0x00007ffa17340000 - 0x00007ffa17353000 	C:\Program Files\Java\jdk-16.0.1\bin\nio.dll
0x00007ffa171a0000 - 0x00007ffa17320000 	C:\Program Files\Java\jdk-16.0.1\bin\awt.dll
0x00007ffa29e20000 - 0x00007ffa29eed000 	C:\WINDOWS\System32\OLEAUT32.dll
0x00007ffa24bc0000 - 0x00007ffa24c50000 	C:\WINDOWS\SYSTEM32\apphelp.dll
0x00007ffa24e90000 - 0x00007ffa24ebf000 	C:\WINDOWS\system32\DWMAPI.DLL
0x00007ffa24cc0000 - 0x00007ffa24d5e000 	C:\WINDOWS\system32\uxtheme.dll
0x00007ffa01880000 - 0x00007ffa019a6000 	C:\WINDOWS\system32\opengl32.dll
0x00007ffa170d0000 - 0x00007ffa170fc000 	C:\WINDOWS\SYSTEM32\GLU32.dll
0x00007ffa28570000 - 0x00007ffa28685000 	C:\WINDOWS\System32\MSCTF.dll
0x00007ffa29750000 - 0x00007ffa2987a000 	C:\WINDOWS\System32\ole32.dll
0x00007ffa05b90000 - 0x00007ffa05d5e000 	C:\WINDOWS\system32\d3d9.dll
0x00007ffa1d7b0000 - 0x00007ffa1d988000 	C:\WINDOWS\System32\DriverStore\FileRepository\u0353355.inf_amd64_756e38ab2b21614c\B353443\aticfx64.dll
0x00007ffa16e00000 - 0x00007ffa16e31000 	C:\WINDOWS\System32\DriverStore\FileRepository\u0353355.inf_amd64_756e38ab2b21614c\B353443\atiu9p64.dll
0x00007ff9dd6b0000 - 0x00007ff9de31a000 	C:\WINDOWS\System32\DriverStore\FileRepository\u0353355.inf_amd64_756e38ab2b21614c\B353443\atiumd64.dll
0x00000000761c0000 - 0x0000000076f65000 	C:\WINDOWS\System32\DriverStore\FileRepository\u0353355.inf_amd64_756e38ab2b21614c\B353443\atiumd6a.dll
0x00007ffa274e0000 - 0x00007ffa2752b000 	C:\WINDOWS\SYSTEM32\POWRPROF.dll
0x00007ffa274c0000 - 0x00007ffa274d2000 	C:\WINDOWS\SYSTEM32\UMPDC.dll
0x00007ffa1d270000 - 0x00007ffa1d29e000 	C:\WINDOWS\SYSTEM32\amdihk64.dll
0x00007ffa1e230000 - 0x00007ffa1e26b000 	C:\WINDOWS\SYSTEM32\dxcore.dll
0x00007ffa27e10000 - 0x00007ffa27e5e000 	C:\WINDOWS\System32\cfgmgr32.dll

dbghelp: loaded successfully - version: 4.0.5 - missing functions: none
symbol engine: initialized successfully - sym options: 0x614 - pdb path: .;C:\Program Files\Java\jdk-16.0.1\bin;C:\WINDOWS\SYSTEM32;C:\WINDOWS\WinSxS\amd64_microsoft.windows.common-controls_6595b64144ccf1df_6.0.19041.844_none_ca00b6081b84eb1d;C:\Program Files\Java\jdk-16.0.1\bin\server;C:\WINDOWS\System32\DriverStore\FileRepository\u0353355.inf_amd64_756e38ab2b21614c\B353443

VM Arguments:
jvm_args: -Dfile.encoding=UTF-8 --module-path=C:\Users\Ridam\Documents\NetBeansProjects\Simple Minds\build\classes 
java_command: simple.minds.Quiz
java_class_path (initial): C:\Users\Ridam\Documents\NetBeansProjects\Simple Minds\build\classes
Launcher Type: SUN_STANDARD

[Global flags]
     intx CICompilerCount                          = 4                                         {product} {ergonomic}
     uint ConcGCThreads                            = 2                                         {product} {ergonomic}
     uint G1ConcRefinementThreads                  = 8                                         {product} {ergonomic}
   size_t G1HeapRegionSize                         = 1048576                                   {product} {ergonomic}
    uintx GCDrainStackTargetSize                   = 64                                        {product} {ergonomic}
   size_t InitialHeapSize                          = 117440512                                 {product} {ergonomic}
   size_t MarkStackSize                            = 4194304                                   {product} {ergonomic}
   size_t MaxHeapSize                              = 1862270976                                {product} {ergonomic}
   size_t MaxNewSize                               = 1116733440                                {product} {ergonomic}
   size_t MinHeapDeltaBytes                        = 1048576                                   {product} {ergonomic}
   size_t MinHeapSize                              = 8388608                                   {product} {ergonomic}
    uintx NonNMethodCodeHeapSize                   = 5839372                                {pd product} {ergonomic}
    uintx NonProfiledCodeHeapSize                  = 122909434                              {pd product} {ergonomic}
    uintx ProfiledCodeHeapSize                     = 122909434                              {pd product} {ergonomic}
    uintx ReservedCodeCacheSize                    = 251658240                              {pd product} {ergonomic}
     bool SegmentedCodeCache                       = true                                      {product} {ergonomic}
   size_t SoftMaxHeapSize                          = 1862270976                             {manageable} {ergonomic}
     bool UseCompressedClassPointers               = true                           {product lp64_product} {ergonomic}
     bool UseCompressedOops                        = true                           {product lp64_product} {ergonomic}
     bool UseG1GC                                  = true                                      {product} {ergonomic}
     bool UseLargePagesIndividualAllocation        = false                                  {pd product} {ergonomic}

Logging:
Log output configuration:
 #0: stdout all=warning uptime,level,tags
 #1: stderr all=off uptime,level,tags

Environment Variables:
PATH=C:\Program Files\Common Files\Oracle\Java\javapath;C:\MinGW\bin;C:\Program Files (x86)\Common Files\Oracle\Java\javapath;C:\WINDOWS\system32;C:\WINDOWS;C:\WINDOWS\System32\Wbem;C:\WINDOWS\System32\WindowsPowerShell\v1.0\;C:\WINDOWS\System32\OpenSSH\;C:\Program Files\Java\jdk-11.0.6\bin;C:\Program Files\Git\cmd;C:\Program Files\nodejs\;C:\Users\Ridam\AppData\Local\Programs\Python\Python39\Scripts\;C:\Users\Ridam\AppData\Local\Programs\Python\Python39\;C:\Program Files\Java\jdk-15\bin;C:\Users\Ridam\AppData\Local\Programs\Microsoft VS Code\bin;C:\Users\Ridam\AppData\Roaming\npm;C:\Users\Ridam\AppData\Local\Microsoft\WindowsApps;C:\MinGW\bin;
USERNAME=Ridam
OS=Windows_NT
PROCESSOR_IDENTIFIER=AMD64 Family 23 Model 17 Stepping 0, AuthenticAMD



---------------  S Y S T E M  ---------------

OS:
 Windows 10 , 64 bit Build 19041 (10.0.19041.928)
OS uptime: 6 days 0:11 hours

CPU: total 8 (initial active 8) (8 cores per cpu, 2 threads per core) family 23 model 17 stepping 0 microcode 0x0, cx8, cmov, fxsr, ht, mmx, 3dnowpref, sse, sse2, sse3, ssse3, sse4a, sse4.1, sse4.2, popcnt, lzcnt, tsc, tscinvbit, avx, avx2, aes, clmul, bmi1, bmi2, adx, sha, fma, vzeroupper, clflush, clflushopt

Memory: 4k page, system-wide physical 7102M (253M free)
TotalPageFile size 21412M (AvailPageFile size 3M)
current process WorkingSet (physical memory assigned to process): 50M, peak: 50M
current process commit charge ("private bytes"): 212M, peak: 212M

vm_info: Java HotSpot(TM) 64-Bit Server VM (16.0.1+9-24) for windows-amd64 JRE (16.0.1+9-24), built on Mar 26 2021 19:31:42 by "mach5one" with MS VC++ 16.7 (VS2019)

END.
